<?xml version="1.0" encoding="UTF-8"?>
<testng-results skipped="0" failed="0" ignored="1" total="3" passed="2">
  <reporter-output>
    <line>
      <![CDATA[Running test]]>
    </line>
    <line>
      <![CDATA[Running test]]>
    </line>
  </reporter-output>
  <suite name="Default suite" duration-ms="38" started-at="2021-10-21T04:27:42Z" finished-at="2021-10-21T04:27:42Z">
    <groups>
    </groups>
    <test name="Default test" duration-ms="38" started-at="2021-10-21T04:27:42Z" finished-at="2021-10-21T04:27:42Z">
      <class name="Phone">
        <test-method status="PASS" signature="ss()[pri:0, instance:Phone@18be83e4]" name="ss" duration-ms="7" started-at="2021-10-21T04:27:42Z" finished-at="2021-10-21T04:27:42Z">
          <reporter-output>
            <line>
              <![CDATA[Running test]]>
            </line>
          </reporter-output>
        </test-method> <!-- ss -->
        <test-method status="PASS" signature="TC2()[pri:1, instance:Phone@18be83e4]" name="TC2" duration-ms="1" started-at="2021-10-21T04:27:42Z" finished-at="2021-10-21T04:27:42Z">
          <reporter-output>
            <line>
              <![CDATA[Running test]]>
            </line>
          </reporter-output>
        </test-method> <!-- TC2 -->
      </class> <!-- Phone -->
    </test> <!-- Default test -->
  </suite> <!-- Default suite -->
</testng-results>
