<?xml version="1.0" encoding="UTF-8"?>
<testng-results skipped="0" failed="0" ignored="0" total="1" passed="1">
  <reporter-output>
    <line>
      <![CDATA[Running test]]>
    </line>
  </reporter-output>
  <suite name="Default suite" duration-ms="74" started-at="2021-10-20T18:10:10Z" finished-at="2021-10-20T18:10:10Z">
    <groups>
    </groups>
    <test name="Default test" duration-ms="74" started-at="2021-10-20T18:10:10Z" finished-at="2021-10-20T18:10:10Z">
      <class name="Phone">
        <test-method status="PASS" signature="ss()[pri:0, instance:Phone@18be83e4]" name="ss" duration-ms="19" started-at="2021-10-20T18:10:10Z" finished-at="2021-10-20T18:10:10Z">
          <reporter-output>
            <line>
              <![CDATA[Running test]]>
            </line>
          </reporter-output>
        </test-method> <!-- ss -->
      </class> <!-- Phone -->
    </test> <!-- Default test -->
  </suite> <!-- Default suite -->
</testng-results>
